<?xml version="1.0" encoding="UTF-8"?>
<testsuite xmlns:xsi="http://www.w3.org/2001/XMLSchema-instance" xsi:noNamespaceSchemaLocation="https://maven.apache.org/surefire/maven-surefire-plugin/xsd/surefire-test-report-3.0.xsd" version="3.0" name="edu.uw.tjb.TestSuite" time="1.029" tests="14" errors="8" skipped="0" failures="2">
  <properties>
[...]
</properties>
  <testcase name="testClose()" classname="DaoTest" time="0.299"/>
  <testcase name="testReset()" classname="DaoTest" time="0.041"/>
  <testcase name="testDelete()" classname="DaoTest" time="0.036">
    <error type="java.lang.NullPointerException"><![CDATA[java.lang.NullPointerException
]]></error>
  </testcase>
  <testcase name="testReload()" classname="DaoTest" time="0.032">
    <error type="java.lang.NullPointerException"><![CDATA[java.lang.NullPointerException
]]></error>
  </testcase>
  <testcase name="testSetGet()" classname="DaoTest" time="0.032">
    <error type="java.lang.NullPointerException"><![CDATA[java.lang.NullPointerException
]]></error>
  </testcase>
  <testcase name="testReloadFile()" classname="AccountManagerTest" time="0.062">
    <error type="java.lang.NullPointerException"><![CDATA[java.lang.NullPointerException
]]></error>
  </testcase>
  <testcase name="testCreateDuplicateUsername()" classname="AccountManagerTest" time="0.032">
    <failure message="Should have thrown AccountException" type="org.opentest4j.AssertionFailedError"><![CDATA[org.opentest4j.AssertionFailedError: Should have thrown AccountException
]]></failure>
  </testcase>
  <testcase name="testClose()" classname="AccountManagerTest" time="0.038"/>
  <testcase name="testPersist()" classname="AccountManagerTest" time="0.032">
    <error type="java.lang.NullPointerException"><![CDATA[java.lang.NullPointerException
]]></error>
  </testcase>
  <testcase name="testGetAccount()" classname="AccountManagerTest" time="0.034">
    <error type="java.lang.NullPointerException"><![CDATA[java.lang.NullPointerException
]]></error>
  </testcase>
  <testcase name="testValidate()" classname="AccountManagerTest" time="0.034">
    <failure message="expected: &lt;true&gt; but was: &lt;false&gt;" type="org.opentest4j.AssertionFailedError"><![CDATA[org.opentest4j.AssertionFailedError: expected: <true> but was: <false>
]]></failure>
  </testcase>
  <testcase name="testRegistration()" classname="AccountManagerTest" time="0.028">
    <error type="java.lang.NullPointerException"><![CDATA[java.lang.NullPointerException
]]></error>
  </testcase>
  <testcase name="testDeleteAccount()" classname="AccountManagerTest" time="0.03"/>
  <testcase name="testMultipleGetAccount()" classname="AccountManagerTest" time="0.03">
    <error type="java.lang.NullPointerException"><![CDATA[java.lang.NullPointerException
]]></error>
  </testcase>
</testsuite>